# mobile/pathplanner/map.cpp: loadMap () - Size of map: (0, 0)
# mobile/pathplanner/map.cpp: loadMap () - All lines sorted into vector of polylines!
# mobile/pathplanner/map.cpp: loadMap () - 0 polylines after merging. 
# mobile/pathplanner/pathfinder.cpp: generateEmptyGraph () - Number of nodes for t-graph: 2
numMarks: 8
0: 0.272793 2510.702637 - -1
1: 1.081860 2484.986084 - -1
2: 1.479763 4086.767090 - -1
3: 2.466742 4503.156250 - -1
4: 2.873331 4840.104492 - -1
5: -3.070174 3702.058105 - -1
6: -2.635834 3110.377686 - -1
7: -1.800755 4557.660156 - -1
numMarks: 8
0: 0.272826 2512.700928 - -1
1: 1.081860 2484.986084 - -1
2: 1.479562 4076.800781 - -1
3: 2.466742 4503.156250 - -1
4: 2.873331 4840.104492 - -1
5: -3.070174 3702.058105 - -1
6: -2.635905 3106.527100 - -1
7: -1.800755 4557.660156 - -1
numMarks: 8
0: 0.272644 2501.710693 - -1
1: 1.081834 2484.490234 - -1
2: 1.479904 4093.743408 - -1
3: 2.466742 4503.156250 - -1
4: 2.873323 4842.104004 - -1
5: -3.070170 3704.057861 - -1
6: -2.635834 3110.377686 - -1
7: -1.800755 4557.660156 - -1
numMarks: 8
0: 0.272644 2501.710693 - -1
1: 1.081860 2484.986084 - -1
2: 1.479602 4078.793945 - -1
3: 2.466742 4503.156250 - -1
4: 2.873323 4842.104004 - -1
5: -3.070170 3704.057861 - -1
6: -2.635974 3102.818848 - -1
7: -1.800755 4557.660156 - -1
numMarks: 8
0: 0.272644 2501.710693 - -1
1: 1.081630 2480.522217 - -1
2: 1.479743 4085.770020 - -1
3: 2.466742 4503.156250 - -1
4: 2.873331 4840.104492 - -1
5: -3.070170 3704.057861 - -1
6: -2.635900 3106.812256 - -1
7: -1.800611 4566.636230 - -1
numMarks: 8
0: 0.272793 2510.702637 - -1
1: 1.081605 2480.026367 - -1
2: 1.479400 4068.828125 - -1
3: 2.466742 4503.156250 - -1
4: 2.873323 4842.104004 - -1
5: -3.070170 3704.057861 - -1
6: -2.635797 3112.374268 - -1
7: -1.800755 4557.660156 - -1
numMarks: 8
0: 0.272793 2510.702637 - -1
1: 1.081834 2484.490234 - -1
2: 1.479602 4078.793945 - -1
3: 2.466731 4504.155273 - -1
4: 2.873323 4842.104004 - -1
5: -3.070170 3704.057861 - -1
6: -2.635884 3107.667969 - -1
7: -1.800755 4557.660156 - -1
numMarks: 8
0: 0.272644 2501.710693 - -1
1: 1.081834 2484.490234 - -1
2: 1.479359 4066.834961 - -1
3: 2.466742 4503.156250 - -1
4: 2.873331 4840.104492 - -1
5: -3.070170 3704.057861 - -1
6: -2.635797 3112.374268 - -1
7: -1.800755 4557.660156 - -1
numMarks: 8
0: 0.272760 2508.704590 - -1
1: 1.081834 2484.490234 - -1
2: 1.479359 4066.834961 - -1
3: 2.466742 4503.156250 - -1
4: 2.873323 4842.104004 - -1
5: -3.070170 3704.057861 - -1
6: -2.635892 3107.240234 - -1
7: -1.800755 4557.660156 - -1
numMarks: 8
0: 0.272809 2511.702148 - -1
1: 1.081860 2484.986084 - -1
2: 1.479359 4066.834961 - -1
3: 2.466742 4503.156250 - -1
4: 2.873359 4833.105957 - -1
5: -3.070170 3704.057861 - -1
6: -2.635860 3108.951416 - -1
7: -1.800755 4557.660156 - -1
numMarks: 8
0: 0.272793 2510.702637 - -1
1: 1.081885 2485.481934 - -1
2: 1.479541 4075.804199 - -1
3: 2.466742 4503.156250 - -1
4: 2.873368 4831.105469 - -1
5: -3.070187 3695.058105 - -1
6: -2.635892 3107.240234 - -1
7: -1.800755 4557.660156 - -1
numMarks: 8
0: 0.272660 2502.709717 - -1
1: 1.081656 2481.018311 - -1
2: 1.479562 4076.800781 - -1
3: 2.466742 4503.156250 - -1
4: 2.873323 4842.104004 - -1
5: -3.070170 3704.057861 - -1
6: -2.635797 3112.374268 - -1
7: -1.800755 4557.660156 - -1
numMarks: 8
0: 0.272660 2502.709717 - -1
1: 1.081885 2485.481934 - -1
2: 1.479582 4077.797363 - -1
3: 2.466764 4501.158691 - -1
4: 2.873331 4840.104492 - -1
5: -3.070172 3703.058105 - -1
6: -2.635815 3111.375977 - -1
7: -1.800771 4556.663086 - -1
numMarks: 8
0: 0.272809 2511.702148 - -1
1: 1.081885 2485.481934 - -1
2: 1.479723 4084.773438 - -1
3: 2.466764 4501.158691 - -1
4: 2.873368 4831.105469 - -1
5: -3.070172 3703.058105 - -1
6: -2.635921 3105.671387 - -1
7: -1.800771 4556.663086 - -1
numMarks: 8
0: 0.272809 2511.702148 - -1
1: 1.081860 2484.986084 - -1
2: 1.479743 4085.770020 - -1
3: 2.466764 4501.158691 - -1
4: 2.873331 4840.104492 - -1
5: -3.070174 3702.058105 - -1
6: -2.635815 3111.375977 - -1
7: -1.800771 4556.663086 - -1
numMarks: 8
0: 0.272793 2510.702637 - -1
1: 1.081885 2485.481934 - -1
2: 1.479723 4084.773438 - -1
3: 2.466753 4502.157227 - -1
4: 2.873376 4829.106445 - -1
5: -3.070172 3703.058105 - -1
6: -2.635823 3110.947998 - -1
7: -1.800771 4556.663086 - -1
numMarks: 8
0: 0.272809 2511.702148 - -1
1: 1.081885 2485.481934 - -1
2: 1.479155 4056.869141 - -1
3: 2.466753 4502.157227 - -1
4: 2.873339 4838.104492 - -1
5: -3.070172 3703.058105 - -1
6: -2.635807 3111.803955 - -1
7: -1.800771 4556.663086 - -1
numMarks: 8
0: 0.272793 2510.702637 - -1
1: 1.081885 2485.481934 - -1
2: 1.479359 4066.834961 - -1
3: 2.466764 4501.158691 - -1
4: 2.873331 4840.104492 - -1
5: -3.070172 3703.058105 - -1
6: -2.635815 3111.375977 - -1
7: -1.800771 4556.663086 - -1
numMarks: 8
0: 0.272793 2510.702637 - -1
1: 1.081860 2484.986084 - -1
2: 1.479743 4085.770020 - -1
3: 2.466764 4501.158691 - -1
4: 2.873368 4831.105469 - -1
5: -3.070172 3703.058105 - -1
6: -2.635921 3105.671387 - -1
7: -1.800771 4556.663086 - -1
numMarks: 8
0: 0.272793 2510.702637 - -1
1: 1.081860 2484.986084 - -1
2: 1.479359 4066.834961 - -1
3: 2.466764 4501.158691 - -1
4: 2.873368 4831.105469 - -1
5: -3.070170 3704.057861 - -1
6: -2.635815 3111.375977 - -1
7: -1.800771 4556.663086 - -1
numMarks: 8
0: 0.272809 2511.702148 - -1
1: 1.081656 2481.018311 - -1
2: 1.479359 4066.834961 - -1
3: 2.466764 4501.158691 - -1
4: 2.873331 4840.104492 - -1
5: -3.070172 3703.058105 - -1
6: -2.635823 3110.947998 - -1
7: -1.800771 4556.663086 - -1
numMarks: 8
0: 0.272611 2499.712158 - -1
1: 1.081860 2484.986084 - -1
2: 1.479723 4084.773438 - -1
3: 2.466764 4501.158691 - -1
4: 2.873368 4831.105469 - -1
5: -3.070172 3703.058105 - -1
6: -2.635815 3111.375977 - -1
7: -1.800643 4564.641602 - -1
numMarks: 8
0: 0.272793 2510.702637 - -1
1: 1.081885 2485.481934 - -1
2: 1.479562 4076.800781 - -1
3: 2.466753 4502.157227 - -1
4: 2.873331 4840.104492 - -1
5: -3.070172 3703.058105 - -1
6: -2.635815 3111.375977 - -1
7: -1.800771 4556.663086 - -1
numMarks: 8
0: 0.272644 2501.710693 - -1
1: 1.081860 2484.986084 - -1
2: 1.479763 4086.767090 - -1
3: 2.466764 4501.158691 - -1
4: 2.873331 4840.104492 - -1
5: -3.070172 3703.058105 - -1
6: -2.635815 3111.375977 - -1
7: -1.800771 4556.663086 - -1
numMarks: 8
0: 0.272776 2509.703613 - -1
1: 1.081885 2485.481934 - -1
2: 1.479379 4067.831543 - -1
3: 2.466753 4502.157227 - -1
4: 2.873331 4840.104492 - -1
5: -3.070172 3703.058105 - -1
6: -2.635815 3111.375977 - -1
7: -1.800771 4556.663086 - -1
numMarks: 8
0: 0.272793 2510.702637 - -1
1: 1.081860 2484.986084 - -1
2: 1.479562 4076.800781 - -1
3: 2.466753 4502.157227 - -1
4: 2.873339 4838.104492 - -1
5: -3.070172 3703.058105 - -1
6: -2.635807 3111.803955 - -1
7: -1.800771 4556.663086 - -1
numMarks: 8
0: 0.272793 2510.702637 - -1
1: 1.081885 2485.481934 - -1
2: 1.479723 4084.773438 - -1
3: 2.466764 4501.158691 - -1
4: 2.873368 4831.105469 - -1
5: -3.070172 3703.058105 - -1
6: -2.635826 3110.805664 - -1
7: -1.800771 4556.663086 - -1
numMarks: 8
0: 0.272793 2510.702637 - -1
1: 1.081885 2485.481934 - -1
2: 1.479359 4066.834961 - -1
3: 2.466764 4501.158691 - -1
4: 2.873368 4831.105469 - -1
5: -3.070172 3703.058105 - -1
6: -2.635815 3111.375977 - -1
7: -1.800771 4556.663086 - -1
numMarks: 8
0: 0.272644 2501.710693 - -1
1: 1.081910 2485.978027 - -1
2: 1.479743 4085.770020 - -1
3: 2.466764 4501.158691 - -1
4: 2.873331 4840.104492 - -1
5: -3.070172 3703.058105 - -1
6: -2.635913 3106.099121 - -1
7: -1.800771 4556.663086 - -1
numMarks: 8
0: 0.272809 2511.702148 - -1
1: 1.081885 2485.481934 - -1
2: 1.479521 4074.807617 - -1
3: 2.466764 4501.158691 - -1
4: 2.873368 4831.105469 - -1
5: -3.070172 3703.058105 - -1
6: -2.635807 3111.803955 - -1
7: -1.800771 4556.663086 - -1
numMarks: 8
0: 0.272793 2510.702637 - -1
1: 1.081885 2485.481934 - -1
2: 1.479743 4085.770020 - -1
3: 2.466753 4502.157227 - -1
4: 2.873339 4838.104492 - -1
5: -3.070172 3703.058105 - -1
6: -2.635815 3111.375977 - -1
7: -1.800771 4556.663086 - -1
numMarks: 8
0: 0.272660 2502.709717 - -1
1: 1.081630 2480.522461 - -1
2: 1.479944 4095.736572 - -1
3: 2.466753 4502.157227 - -1
4: 2.873368 4831.105469 - -1
5: -3.070172 3703.058105 - -1
6: -2.635887 3107.525391 - -1
7: -1.800771 4556.663086 - -1
numMarks: 8
0: 0.272776 2509.703613 - -1
1: 1.081885 2485.481934 - -1
2: 1.479723 4084.773438 - -1
3: 2.466764 4501.158691 - -1
4: 2.873331 4840.104492 - -1
5: -3.070172 3703.058105 - -1
6: -2.635807 3111.803955 - -1
7: -1.800771 4556.663086 - -1
numMarks: 8
0: 0.272809 2511.702148 - -1
1: 1.081885 2485.481934 - -1
2: 1.479924 4094.739990 - -1
3: 2.466764 4501.158691 - -1
4: 2.873368 4831.105469 - -1
5: -3.070172 3703.058105 - -1
6: -2.635815 3111.375977 - -1
7: -1.800771 4556.663086 - -1
numMarks: 8
0: 0.272644 2501.710693 - -1
1: 1.081860 2484.986084 - -1
2: 1.479359 4066.834961 - -1
3: 2.466753 4502.157227 - -1
4: 2.873331 4840.104492 - -1
5: -3.070170 3704.057861 - -1
6: -2.635815 3111.375977 - -1
7: -1.800643 4564.641602 - -1
numMarks: 8
0: 0.272760 2508.704590 - -1
1: 1.081885 2485.481934 - -1
2: 1.479521 4074.807617 - -1
3: 2.466753 4502.157227 - -1
4: 2.873368 4831.105469 - -1
5: -3.070172 3703.058105 - -1
6: -2.635815 3111.375977 - -1
7: -1.800771 4556.663086 - -1
numMarks: 8
0: 0.272644 2501.710693 - -1
1: 1.081885 2485.481934 - -1
2: 1.479359 4066.834961 - -1
3: 2.466764 4501.158691 - -1
4: 2.873331 4840.104492 - -1
5: -3.070172 3703.058105 - -1
6: -2.635815 3111.375977 - -1
7: -1.800771 4556.663086 - -1
numMarks: 8
0: 0.272760 2508.704590 - -1
1: 1.081885 2485.481934 - -1
2: 1.479541 4075.804199 - -1
3: 2.466753 4502.157227 - -1
4: 2.873331 4840.104492 - -1
5: -3.070172 3703.058105 - -1
6: -2.635815 3111.375977 - -1
7: -1.800771 4556.663086 - -1
numMarks: 8
0: 0.272809 2511.702148 - -1
1: 1.081885 2485.481934 - -1
2: 1.479763 4086.767090 - -1
3: 2.466764 4501.158691 - -1
4: 2.873368 4831.105469 - -1
5: -3.070172 3703.058105 - -1
6: -2.635807 3111.803955 - -1
7: -1.800643 4564.641602 - -1
numMarks: 8
0: 0.272627 2500.711426 - -1
1: 1.081885 2485.481934 - -1
2: 1.479743 4085.770020 - -1
3: 2.466764 4501.158691 - -1
4: 2.873331 4840.104492 - -1
5: -3.070172 3703.058105 - -1
6: -2.635921 3105.671387 - -1
7: -1.800771 4556.663086 - -1
numMarks: 8
0: 0.272644 2501.710693 - -1
1: 1.081885 2485.481934 - -1
2: 1.479541 4075.804199 - -1
3: 2.466753 4502.157227 - -1
4: 2.873331 4840.104492 - -1
5: -3.070172 3703.058105 - -1
6: -2.635807 3111.803955 - -1
7: -1.800771 4556.663086 - -1
numMarks: 8
0: 0.272644 2501.710693 - -1
1: 1.081885 2485.481934 - -1
2: 1.479379 4067.831543 - -1
3: 2.466764 4501.158691 - -1
4: 2.873368 4831.105469 - -1
5: -3.070172 3703.058105 - -1
6: -2.635823 3110.947998 - -1
7: -1.800771 4556.663086 - -1
numMarks: 8
0: 0.272793 2510.702637 - -1
1: 1.081885 2485.481934 - -1
2: 1.479582 4077.797363 - -1
3: 2.466764 4501.158691 - -1
4: 2.873339 4838.104492 - -1
5: -3.070172 3703.058105 - -1
6: -2.635815 3111.375977 - -1
7: -1.800771 4556.663086 - -1
numMarks: 8
0: 0.272644 2501.710693 - -1
1: 1.081860 2484.986084 - -1
2: 1.479379 4067.831543 - -1
3: 2.466764 4501.158691 - -1
4: 2.873331 4840.104492 - -1
5: -3.070172 3703.058105 - -1
6: -2.635815 3111.375977 - -1
7: -1.800771 4556.663086 - -1
numMarks: 8
0: 0.272776 2509.703613 - -1
1: 1.081885 2485.481934 - -1
2: 1.479359 4066.834961 - -1
3: 2.466753 4502.157227 - -1
4: 2.873331 4840.104492 - -1
5: -3.070172 3703.058105 - -1
6: -2.635807 3111.803955 - -1
7: -1.800771 4556.663086 - -1
numMarks: 8
0: 0.272793 2510.702637 - -1
1: 1.081885 2485.481934 - -1
2: 1.479924 4094.739990 - -1
3: 2.466764 4501.158691 - -1
4: 2.873331 4840.104492 - -1
5: -3.070170 3704.057861 - -1
6: -2.635895 3107.097656 - -1
7: -1.800771 4556.663086 - -1
numMarks: 8
0: 0.272627 2500.711426 - -1
1: 1.081885 2485.481934 - -1
2: 1.479359 4066.834961 - -1
3: 2.466753 4502.157227 - -1
4: 2.873339 4838.104492 - -1
5: -3.070172 3703.058105 - -1
6: -2.635913 3106.099121 - -1
7: -1.800771 4556.663086 - -1
numMarks: 8
0: 0.272644 2501.710693 - -1
1: 1.081885 2485.481934 - -1
2: 1.479400 4068.828125 - -1
3: 2.466764 4501.158691 - -1
4: 2.873331 4840.104492 - -1
5: -3.070172 3703.058105 - -1
6: -2.635815 3111.375977 - -1
7: -1.800771 4556.663086 - -1
numMarks: 8
0: 0.272644 2501.710693 - -1
1: 1.081885 2485.481934 - -1
2: 1.479379 4067.831543 - -1
3: 2.466764 4501.158691 - -1
4: 2.873368 4831.105469 - -1
5: -3.070172 3703.058105 - -1
6: -2.635815 3111.375977 - -1
7: -1.800771 4556.663086 - -1
numMarks: 8
0: 0.272660 2502.709717 - -1
1: 1.081885 2485.481934 - -1
2: 1.479743 4085.770020 - -1
3: 2.466764 4501.158691 - -1
4: 2.873331 4840.104492 - -1
5: -3.070172 3703.058105 - -1
6: -2.635895 3107.097656 - -1
7: -1.800771 4556.663086 - -1
numMarks: 8
0: 0.272776 2509.703613 - -1
1: 1.081885 2485.481934 - -1
2: 1.479359 4066.834961 - -1
3: 2.466764 4501.158691 - -1
4: 2.873368 4831.105469 - -1
5: -3.070172 3703.058105 - -1
6: -2.635815 3111.375977 - -1
7: -1.800771 4556.663086 - -1
numMarks: 8
0: 0.272809 2511.702148 - -1
1: 1.081885 2485.481934 - -1
2: 1.479924 4094.739990 - -1
3: 2.466764 4501.158691 - -1
4: 2.873331 4840.104492 - -1
5: -3.070172 3703.058105 - -1
6: -2.635807 3111.803955 - -1
7: -1.800771 4556.663086 - -1
numMarks: 8
0: 0.272660 2502.709717 - -1
1: 1.081656 2481.018311 - -1
2: 1.479763 4086.767090 - -1
3: 2.466764 4501.158691 - -1
4: 2.873327 4841.104004 - -1
5: -3.070172 3703.058105 - -1
6: -2.635895 3107.097656 - -1
7: -1.800771 4556.663086 - -1
numMarks: 8
0: 0.272776 2509.703613 - -1
1: 1.081860 2484.986084 - -1
2: 1.479359 4066.834961 - -1
3: 2.466764 4501.158691 - -1
4: 2.873331 4840.104492 - -1
5: -3.070172 3703.058105 - -1
6: -2.635815 3111.375977 - -1
7: -1.800771 4556.663086 - -1
numMarks: 8
0: 0.272660 2502.709717 - -1
1: 1.081860 2484.986084 - -1
2: 1.479582 4077.797363 - -1
3: 2.466764 4501.158691 - -1
4: 2.873331 4840.104492 - -1
5: -3.070172 3703.058105 - -1
6: -2.635815 3111.375977 - -1
7: -1.800771 4556.663086 - -1
numMarks: 8
0: 0.272793 2510.702637 - -1
1: 1.081885 2485.481934 - -1
2: 1.479743 4085.770020 - -1
3: 2.466764 4501.158691 - -1
4: 2.873331 4840.104492 - -1
5: -3.070172 3703.058105 - -1
6: -2.635913 3106.099121 - -1
7: -1.800771 4556.663086 - -1
numMarks: 8
0: 0.272644 2501.710693 - -1
1: 1.081885 2485.481934 - -1
2: 1.479359 4066.834961 - -1
3: 2.466764 4501.158691 - -1
4: 2.873331 4840.104492 - -1
5: -3.070174 3702.058105 - -1
6: -2.635913 3106.099121 - -1
7: -1.800771 4556.663086 - -1
numMarks: 8
0: 0.272809 2511.702148 - -1
1: 1.081885 2485.481934 - -1
2: 1.479359 4066.834961 - -1
3: 2.466764 4501.158691 - -1
4: 2.873331 4840.104492 - -1
5: -3.070170 3704.057861 - -1
6: -2.635815 3111.375977 - -1
7: -1.800771 4556.663086 - -1
numMarks: 8
0: 0.272776 2509.703613 - -1
1: 1.081885 2485.481934 - -1
2: 1.479379 4067.831543 - -1
3: 2.466764 4501.158691 - -1
4: 2.873331 4840.104492 - -1
5: -3.070172 3703.058105 - -1
6: -2.635815 3111.375977 - -1
7: -1.800771 4556.663086 - -1
numMarks: 8
0: 0.272793 2510.702637 - -1
1: 1.081885 2485.481934 - -1
2: 1.479562 4076.800781 - -1
3: 2.466764 4501.158691 - -1
4: 2.873368 4831.105469 - -1
5: -3.070172 3703.058105 - -1
6: -2.635887 3107.525391 - -1
7: -1.800771 4556.663086 - -1
numMarks: 8
0: 0.272793 2510.702637 - -1
1: 1.081885 2485.481934 - -1
2: 1.479541 4075.804199 - -1
3: 2.466764 4501.158691 - -1
4: 2.873339 4838.104492 - -1
5: -3.070172 3703.058105 - -1
6: -2.635887 3107.525391 - -1
7: -1.800771 4556.663086 - -1
numMarks: 8
0: 0.272644 2501.710693 - -1
1: 1.081885 2485.481934 - -1
2: 1.479541 4075.804199 - -1
3: 2.466764 4501.158691 - -1
4: 2.873368 4831.105469 - -1
5: -3.070172 3703.058105 - -1
6: -2.635921 3105.671387 - -1
7: -1.800771 4556.663086 - -1
numMarks: 8
0: 0.272776 2509.703613 - -1
1: 1.081885 2485.481934 - -1
2: 1.479135 4055.872559 - -1
3: 2.466764 4501.158691 - -1
4: 2.873331 4840.104492 - -1
5: -3.070172 3703.058105 - -1
6: -2.635815 3111.375977 - -1
7: -1.800771 4556.663086 - -1
numMarks: 8
0: 0.272644 2501.710693 - -1
1: 1.081885 2485.481934 - -1
2: 1.479176 4057.865723 - -1
3: 2.466764 4501.158691 - -1
4: 2.873339 4838.104492 - -1
5: -3.070172 3703.058105 - -1
6: -2.635913 3106.099121 - -1
7: -1.800771 4556.663086 - -1
numMarks: 8
0: 0.272793 2510.702637 - -1
1: 1.081885 2485.481934 - -1
2: 1.479541 4075.804199 - -1
3: 2.466764 4501.158691 - -1
4: 2.873331 4840.104492 - -1
5: -3.070172 3703.058105 - -1
6: -2.635815 3111.375977 - -1
7: -1.800771 4556.663086 - -1
numMarks: 8
0: 0.272644 2501.710693 - -1
1: 1.081860 2484.986084 - -1
2: 1.479562 4076.800781 - -1
3: 2.466753 4502.157227 - -1
4: 2.873339 4838.104492 - -1
5: -3.070172 3703.058105 - -1
6: -2.635921 3105.671387 - -1
7: -1.800771 4556.663086 - -1
numMarks: 8
0: 0.272826 2512.700928 - -1
1: 1.081860 2484.986084 - -1
2: 1.479582 4077.797363 - -1
3: 2.466764 4501.158691 - -1
4: 2.873331 4840.104492 - -1
5: -3.070170 3704.057861 - -1
6: -2.635815 3111.375977 - -1
7: -1.800771 4556.663086 - -1
numMarks: 8
0: 0.272809 2511.702148 - -1
1: 1.081885 2485.481934 - -1
2: 1.479763 4086.767090 - -1
3: 2.466764 4501.158691 - -1
4: 2.873339 4838.104492 - -1
5: -3.070174 3702.058105 - -1
6: -2.635815 3111.375977 - -1
7: -1.800771 4556.663086 - -1
numMarks: 8
0: 0.272793 2510.702637 - -1
1: 1.081885 2485.481934 - -1
2: 1.479541 4075.804199 - -1
3: 2.466753 4502.157227 - -1
4: 2.873339 4838.104492 - -1
5: -3.070172 3703.058105 - -1
6: -2.635815 3111.375977 - -1
7: -1.800771 4556.663086 - -1
numMarks: 8
0: 0.272660 2502.709717 - -1
1: 1.081885 2485.481934 - -1
2: 1.479541 4075.804199 - -1
3: 2.466753 4502.157227 - -1
4: 2.873331 4840.104492 - -1
5: -3.070172 3703.058105 - -1
6: -2.635815 3111.375977 - -1
7: -1.800771 4556.663086 - -1
numMarks: 8
0: 0.272776 2509.703613 - -1
1: 1.081885 2485.481934 - -1
2: 1.479541 4075.804199 - -1
3: 2.466764 4501.158691 - -1
4: 2.873339 4838.104492 - -1
5: -3.070172 3703.058105 - -1
6: -2.635903 3106.669678 - -1
7: -1.800771 4556.663086 - -1
numMarks: 8
0: 0.272760 2508.704590 - -1
1: 1.081885 2485.481934 - -1
2: 1.479562 4076.800781 - -1
3: 2.466764 4501.158691 - -1
4: 2.873331 4840.104492 - -1
5: -3.070172 3703.058105 - -1
6: -2.635887 3107.525391 - -1
7: -1.800643 4564.641602 - -1
numMarks: 8
0: 0.272809 2511.702148 - -1
1: 1.081885 2485.481934 - -1
2: 1.479541 4075.804199 - -1
3: 2.466764 4501.158691 - -1
4: 2.873339 4838.104492 - -1
5: -3.070172 3703.058105 - -1
6: -2.635921 3105.671387 - -1
7: -1.800771 4556.663086 - -1
numMarks: 8
0: 0.272627 2500.711426 - -1
1: 1.081885 2485.481934 - -1
2: 1.479541 4075.804199 - -1
3: 2.466764 4501.158691 - -1
4: 2.873331 4840.104492 - -1
5: -3.070172 3703.058105 - -1
6: -2.635815 3111.375977 - -1
7: -1.800771 4556.663086 - -1
numMarks: 8
0: 0.272809 2511.702148 - -1
1: 1.081885 2485.481934 - -1
2: 1.479359 4066.834961 - -1
3: 2.466753 4502.157227 - -1
4: 2.873327 4841.104004 - -1
5: -3.070172 3703.058105 - -1
6: -2.635815 3111.375977 - -1
7: -1.800771 4556.663086 - -1
numMarks: 8
0: 0.272793 2510.702637 - -1
1: 1.081885 2485.481934 - -1
2: 1.479562 4076.800781 - -1
3: 2.466764 4501.158691 - -1
4: 2.873331 4840.104492 - -1
5: -3.070172 3703.058105 - -1
6: -2.635815 3111.375977 - -1
7: -1.800771 4556.663086 - -1
numMarks: 8
0: 0.272793 2510.702637 - -1
1: 1.081860 2484.986084 - -1
2: 1.479582 4077.797363 - -1
3: 2.466753 4502.157227 - -1
4: 2.873339 4838.104492 - -1
5: -3.070176 3701.058105 - -1
6: -2.635842 3109.949707 - -1
7: -1.800611 4566.636230 - -1
numMarks: 8
0: 0.272793 2510.702637 - -1
1: 1.081860 2484.986084 - -1
2: 1.478683 4033.948975 - -1
3: 2.466753 4502.157227 - -1
4: 2.873339 4838.104492 - -1
5: -3.070176 3701.058105 - -1
6: -2.635820 3111.090576 - -1
7: -1.800739 4558.657715 - -1
numMarks: 8
0: 0.272776 2509.703613 - -1
1: 1.081885 2485.481934 - -1
2: 1.478889 4043.913818 - -1
3: 2.466753 4502.157227 - -1
4: 2.873339 4838.104492 - -1
5: -3.070176 3701.058105 - -1
6: -2.635831 3110.520264 - -1
7: -1.800755 4557.660156 - -1
numMarks: 8
0: 0.272793 2510.702637 - -1
1: 1.081910 2485.978027 - -1
2: 1.479562 4076.800781 - -1
3: 2.466753 4502.157227 - -1
4: 2.873339 4838.104492 - -1
5: -3.070176 3701.058105 - -1
6: -2.635948 3104.245117 - -1
7: -1.800755 4557.660156 - -1
numMarks: 8
0: 0.272776 2509.703613 - -1
1: 1.081860 2484.986084 - -1
2: 1.478683 4033.948975 - -1
3: 2.466753 4502.157227 - -1
4: 2.873339 4838.104492 - -1
5: -3.070176 3701.058105 - -1
6: -2.635948 3104.245117 - -1
7: -1.800611 4566.636230 - -1
numMarks: 8
0: 0.272793 2510.702637 - -1
1: 1.081885 2485.481934 - -1
2: 1.479743 4085.770020 - -1
3: 2.466753 4502.157227 - -1
4: 2.873339 4838.104492 - -1
5: -3.070176 3701.058105 - -1
6: -2.635842 3109.949707 - -1
7: -1.800755 4557.660156 - -1
numMarks: 8
0: 0.272660 2502.709717 - -1
1: 1.081885 2485.481934 - -1
2: 1.479562 4076.800781 - -1
3: 2.466753 4502.157227 - -1
4: 2.873339 4838.104492 - -1
5: -3.070176 3701.058105 - -1
6: -2.635831 3110.520264 - -1
7: -1.800739 4558.657715 - -1
numMarks: 8
0: 0.272776 2509.703613 - -1
1: 1.081885 2485.481934 - -1
2: 1.479743 4085.770020 - -1
3: 2.466753 4502.157227 - -1
4: 2.873339 4838.104492 - -1
5: -3.070176 3701.058105 - -1
6: -2.635905 3106.527100 - -1
7: -1.800627 4565.639160 - -1
numMarks: 8
0: 0.272809 2511.702148 - -1
1: 1.081860 2484.986084 - -1
2: 1.479763 4086.767090 - -1
3: 2.466753 4502.157227 - -1
4: 2.873339 4838.104492 - -1
5: -3.070176 3701.058105 - -1
6: -2.635831 3110.520264 - -1
7: -1.800739 4558.657715 - -1
numMarks: 8
0: 0.272809 2511.702148 - -1
1: 1.081885 2485.481934 - -1
2: 1.479743 4085.770020 - -1
3: 2.466753 4502.157227 - -1
4: 2.873376 4829.106445 - -1
5: -3.070176 3701.058105 - -1
6: -2.635831 3110.520264 - -1
7: -1.800755 4557.660156 - -1
numMarks: 8
0: 0.272776 2509.703613 - -1
1: 1.081656 2481.018311 - -1
2: 1.479743 4085.770020 - -1
3: 2.466753 4502.157227 - -1
4: 2.873343 4837.104980 - -1
5: -3.070176 3701.058105 - -1
6: -2.635831 3110.520264 - -1
7: -1.800755 4557.660156 - -1
numMarks: 8
0: 0.272776 2509.703613 - -1
1: 1.081860 2484.986084 - -1
2: 1.479278 4062.848633 - -1
3: 2.466753 4502.157227 - -1
4: 2.873343 4837.104980 - -1
5: -3.070176 3701.058105 - -1
6: -2.635831 3110.520264 - -1
7: -1.800739 4558.657715 - -1
numMarks: 8
0: 0.272793 2510.702637 - -1
1: 1.081656 2481.018311 - -1
2: 1.479501 4073.811035 - -1
3: 2.466753 4502.157227 - -1
4: 2.873376 4829.106445 - -1
5: -3.070176 3701.058105 - -1
6: -2.635831 3110.520264 - -1
7: -1.800739 4558.657715 - -1
numMarks: 8
0: 0.272776 2509.703613 - -1
1: 1.081885 2485.481934 - -1
2: 1.479460 4071.817871 - -1
3: 2.466753 4502.157227 - -1
4: 2.873376 4829.106445 - -1
5: -3.070176 3701.058105 - -1
6: -2.635842 3109.949707 - -1
7: -1.800739 4558.657715 - -1
numMarks: 8
0: 0.272627 2500.711426 - -1
1: 1.081885 2485.481934 - -1
2: 1.479298 4063.845215 - -1
3: 2.466753 4502.157227 - -1
4: 2.873339 4838.104492 - -1
5: -3.070176 3701.058105 - -1
6: -2.635831 3110.520264 - -1
7: -1.800739 4558.657715 - -1
numMarks: 8
0: 0.272627 2500.711426 - -1
1: 1.081885 2485.481934 - -1
2: 1.479642 4080.787109 - -1
3: 2.466753 4502.157227 - -1
4: 2.873339 4838.104492 - -1
5: -3.070176 3701.058105 - -1
6: -2.635831 3110.520264 - -1
7: -1.800755 4557.660156 - -1
numMarks: 8
0: 0.272793 2510.702637 - -1
1: 1.081860 2484.986084 - -1
2: 1.479501 4073.811035 - -1
3: 2.466753 4502.157227 - -1
4: 2.873339 4838.104492 - -1
5: -3.070176 3701.058105 - -1
6: -2.635820 3111.090576 - -1
7: -1.800755 4557.660156 - -1
numMarks: 8
0: 0.272793 2510.702637 - -1
1: 1.081885 2485.481934 - -1
2: 1.479460 4071.817871 - -1
3: 2.466753 4502.157227 - -1
4: 2.873343 4837.104980 - -1
5: -3.070176 3701.058105 - -1
6: -2.635831 3110.520264 - -1
7: -1.800739 4558.657715 - -1
numMarks: 8
0: 0.272644 2501.710693 - -1
1: 1.081885 2485.481934 - -1
2: 1.479683 4082.780273 - -1
3: 2.466753 4502.157227 - -1
4: 2.873339 4838.104492 - -1
5: -3.070176 3701.058105 - -1
6: -2.635831 3110.520264 - -1
7: -1.800739 4558.657715 - -1
numMarks: 8
0: 0.272627 2500.711426 - -1
1: 1.081860 2484.986084 - -1
2: 1.479864 4091.749756 - -1
3: 2.466753 4502.157227 - -1
4: 2.873339 4838.104492 - -1
5: -3.070176 3701.058105 - -1
6: -2.635831 3110.520264 - -1
7: -1.800739 4558.657715 - -1
numMarks: 8
0: 0.272644 2501.710693 - -1
1: 1.081885 2485.481934 - -1
2: 1.479844 4090.753174 - -1
3: 2.466753 4502.157227 - -1
4: 2.873339 4838.104492 - -1
5: -3.070176 3701.058105 - -1
6: -2.635831 3110.520264 - -1
7: -1.800739 4558.657715 - -1
numMarks: 8
0: 0.272644 2501.710693 - -1
1: 1.081885 2485.481934 - -1
2: 1.479844 4090.753174 - -1
3: 2.466753 4502.157227 - -1
4: 2.873343 4837.104980 - -1
5: -3.070176 3701.058105 - -1
6: -2.635842 3109.949707 - -1
7: -1.800739 4558.657715 - -1
numMarks: 8
0: 0.272793 2510.702637 - -1
1: 1.081860 2484.986084 - -1
2: 1.479663 4081.783691 - -1
3: 2.466753 4502.157227 - -1
4: 2.873343 4837.104980 - -1
5: -3.070176 3701.058105 - -1
6: -2.635831 3110.520264 - -1
7: -1.800739 4558.657715 - -1
numMarks: 8
0: 0.272793 2510.702637 - -1
1: 1.081860 2484.986084 - -1
2: 1.479683 4082.780273 - -1
3: 2.466753 4502.157227 - -1
4: 2.873339 4838.104492 - -1
5: -3.070176 3701.058105 - -1
6: -2.635842 3109.949707 - -1
7: -1.800739 4558.657715 - -1
numMarks: 8
0: 0.272627 2500.711426 - -1
1: 1.081885 2485.481934 - -1
2: 1.479460 4071.817871 - -1
3: 2.466753 4502.157227 - -1
4: 2.873343 4837.104980 - -1
5: -3.070176 3701.058105 - -1
6: -2.635842 3109.949707 - -1
7: -1.800739 4558.657715 - -1
numMarks: 8
0: 0.272776 2509.703613 - -1
1: 1.081860 2484.986084 - -1
2: 1.479460 4071.817871 - -1
3: 2.466753 4502.157227 - -1
4: 2.873339 4838.104492 - -1
5: -3.070176 3701.058105 - -1
6: -2.635895 3107.097656 - -1
7: -1.800739 4558.657715 - -1
numMarks: 8
0: 0.272627 2500.711426 - -1
1: 1.081885 2485.481934 - -1
2: 1.479642 4080.787109 - -1
3: 2.466753 4502.157227 - -1
4: 2.873339 4838.104492 - -1
5: -3.070176 3701.058105 - -1
6: -2.635831 3110.520264 - -1
7: -1.800739 4558.657715 - -1
numMarks: 8
0: 0.272793 2510.702637 - -1
1: 1.081885 2485.481934 - -1
2: 1.479460 4071.817871 - -1
3: 2.466753 4502.157227 - -1
4: 2.873343 4837.104980 - -1
5: -3.070176 3701.058105 - -1
6: -2.635842 3109.949707 - -1
7: -1.800739 4558.657715 - -1
numMarks: 8
0: 0.272793 2510.702637 - -1
1: 1.081885 2485.481934 - -1
2: 1.479460 4071.817871 - -1
3: 2.466753 4502.157227 - -1
4: 2.873339 4838.104492 - -1
5: -3.070176 3701.058105 - -1
6: -2.635948 3104.245117 - -1
7: -1.800739 4558.657715 - -1
numMarks: 8
0: 0.272776 2509.703613 - -1
1: 1.081885 2485.481934 - -1
2: 1.479460 4071.817871 - -1
3: 2.466753 4502.157227 - -1
4: 2.873339 4838.104492 - -1
5: -3.070176 3701.058105 - -1
6: -2.635937 3104.815430 - -1
7: -1.800755 4557.660156 - -1
numMarks: 8
0: 0.272627 2500.711426 - -1
1: 1.081885 2485.481934 - -1
2: 1.479481 4072.814453 - -1
3: 2.466753 4502.157227 - -1
4: 2.873339 4838.104492 - -1
5: -3.070176 3701.058105 - -1
6: -2.635831 3110.520264 - -1
7: -1.800739 4558.657715 - -1
numMarks: 8
0: 0.272776 2509.703613 - -1
1: 1.081885 2485.481934 - -1
2: 1.479481 4072.814453 - -1
3: 2.466742 4503.156250 - -1
4: 2.873339 4838.104492 - -1
5: -3.070176 3701.058105 - -1
6: -2.635842 3109.949707 - -1
7: -1.800739 4558.657715 - -1
numMarks: 8
0: 0.272627 2500.711426 - -1
1: 1.081656 2481.018311 - -1
2: 1.479481 4072.814453 - -1
3: 2.466753 4502.157227 - -1
4: 2.873339 4838.104492 - -1
5: -3.070176 3701.058105 - -1
6: -2.635842 3109.949707 - -1
7: -1.800739 4558.657715 - -1
numMarks: 8
0: 0.272660 2502.709717 - -1
1: 1.081885 2485.481934 - -1
2: 1.479844 4090.753174 - -1
3: 2.466753 4502.157227 - -1
4: 2.873339 4838.104492 - -1
5: -3.070176 3701.058105 - -1
6: -2.635831 3110.520264 - -1
7: -1.800739 4558.657715 - -1
numMarks: 8
0: 0.272776 2509.703613 - -1
1: 1.081656 2481.018311 - -1
2: 1.479278 4062.848633 - -1
3: 2.466753 4502.157227 - -1
4: 2.873339 4838.104492 - -1
5: -3.070176 3701.058105 - -1
6: -2.635831 3110.520264 - -1
7: -1.800739 4558.657715 - -1
numMarks: 8
0: 0.272611 2499.712158 - -1
1: 1.081885 2485.481934 - -1
2: 1.479460 4071.817871 - -1
3: 2.466742 4503.156250 - -1
4: 2.873339 4838.104492 - -1
5: -3.070176 3701.058105 - -1
6: -2.635842 3109.949707 - -1
7: -1.800739 4558.657715 - -1
numMarks: 8
0: 0.272809 2511.702148 - -1
1: 1.081885 2485.481934 - -1
2: 1.479501 4073.811035 - -1
3: 2.466753 4502.157227 - -1
4: 2.873343 4837.104980 - -1
5: -3.070176 3701.058105 - -1
6: -2.635842 3109.949707 - -1
7: -1.800739 4558.657715 - -1
numMarks: 8
0: 0.272776 2509.703613 - -1
1: 1.081860 2484.986084 - -1
2: 1.479278 4062.848633 - -1
3: 2.466753 4502.157227 - -1
4: 2.873343 4837.104980 - -1
5: -3.070176 3701.058105 - -1
6: -2.635842 3109.949707 - -1
7: -1.800739 4558.657715 - -1
numMarks: 8
0: 0.272776 2509.703613 - -1
1: 1.081656 2481.018311 - -1
2: 1.479460 4071.817871 - -1
3: 2.466753 4502.157227 - -1
4: 2.873339 4838.104492 - -1
5: -3.070176 3701.058105 - -1
6: -2.635937 3104.815430 - -1
7: -1.800739 4558.657715 - -1
numMarks: 8
0: 0.272776 2509.703613 - -1
1: 1.081860 2484.986084 - -1
2: 1.479844 4090.753174 - -1
3: 2.466753 4502.157227 - -1
4: 2.873343 4837.104980 - -1
5: -3.070176 3701.058105 - -1
6: -2.635842 3109.949707 - -1
7: -1.800739 4558.657715 - -1
numMarks: 8
0: 0.272